[debug] > Exec(early(addDefaultCommands), None, None)
[debug] > Exec(addDefaultCommands, None, None)
[debug] > Exec(early(initialize), None, None)
[debug] > Exec(initialize, None, None)
[debug] > Exec(early(addPluginSbtFile="""C:\Users\MIBOOK~1\AppData\Local\Temp\idea10.sbt"""), None, None)
[debug] > Exec(addPluginSbtFile="""C:\Users\MIBOOK~1\AppData\Local\Temp\idea10.sbt""", None, None)
[debug] > Exec(boot, None, None)
[debug] > Exec(writeSbtVersion, None, None)
[debug] > Exec(reload, None, None)
[debug] > Exec(sbtStashOnFailure, None, None)
[debug] > Exec(onFailure loadFailed, None, None)
[debug] > Exec(loadp, None, None)
[info] welcome to sbt 1.4.7 (Oracle Corporation Java 1.8.0_221)
[debug]       Load.loadUnit: plugins took 101.2631ms
[debug]       Load.loadUnit: defsScala took 0.339ms
[debug] [Loading] Scanning directory C:\Users\Mi Book\.sbt\1.0\plugins
[debug] [Loading] Found non-root projects 
[debug] [Loading] Done in C:\Users\Mi Book\.sbt\1.0\plugins, returning: ()
[debug] deducing auto plugins based on known facts Set(Atom(sbt.plugins.CorePlugin)) and clauses Clauses(List(Clause(Atom(sbt.plugins.JvmPlugin),Set(Atom(sbt.plugins.IvyPlugin))), Clause(Atom(sbt.ScriptedPlugin),Set(Atom(sbt.plugins.JvmPlugin))), Clause(Atom(sbt.plugins.SbtPlugin),Set(Atom(sbt.ScriptedPlugin))), Clause(Atom(sbt.plugins.SemanticdbPlugin),Set(Atom(sbt.plugins.JvmPlugin))), Clause(Atom(sbt.plugins.JUnitXmlReportPlugin),Set(Atom(sbt.plugins.JvmPlugin))), Clause(Atom(sbt.plugins.MiniDependencyTreePlugin),Set(Atom(sbt.plugins.JvmPlugin))), Clause(Atom(sbt.plugins.CorePlugin),Set(Atom(sbt.plugins.IvyPlugin))), Clause(Atom(sbt.plugins.IvyPlugin),Set(Atom(sbt.plugins.JvmPlugin))), Clause(Atom(sbt.plugins.JvmPlugin),Set(Atom(sbt.plugins.SemanticdbPlugin))), Clause(Atom(sbt.plugins.JvmPlugin),Set(Atom(sbt.plugins.JUnitXmlReportPlugin))), Clause(Atom(sbt.plugins.CorePlugin),Set(Atom(sbt.plugins.Giter8TemplatePlugin))), Clause(Atom(sbt.plugins.JvmPlugin),Set(Atom(sbt.plugins.MiniDependencyTreePlugin)))))
[debug]   :: deduced result: Matched(sbt.plugins.CorePlugin,sbt.plugins.Giter8TemplatePlugin,sbt.plugins.IvyPlugin,sbt.plugins.JvmPlugin,sbt.plugins.MiniDependencyTreePlugin,sbt.plugins.JUnitXmlReportPlugin,sbt.plugins.SemanticdbPlugin)
[debug] Plugins.deducer#function took 20.9339 ms
[debug]           Load.resolveProject(global-plugins) took 47.7402ms
[debug]         Load.loadTransitive: finalizeProject(Project(id global-plugins, base: C:\Users\Mi Book\.sbt\1.0\plugins, plugins: List(<none>))) took 94.5803ms
[debug] [Loading] Done in C:\Users\Mi Book\.sbt\1.0\plugins, returning: (global-plugins)
[debug]       Load.loadUnit: loadedProjectsRaw took 116.3318ms
[debug]       Load.loadUnit: cleanEvalClasses took 0.2681ms
[debug]     Load.loadUnit(file:/C:/Users/Mi%20Book/.sbt/1.0/plugins/, ...) took 226.0388ms
[debug]   Load.apply: load took 413.448ms
[debug]   Load.apply: resolveProjects took 8.1454ms
[debug]   Load.apply: finalTransforms took 69.886ms
[debug]   Load.apply: config.delegates took 10.2833ms
[debug]   Load.apply: Def.make(settings)... took 490.1697ms
[debug]   Load.apply: structureIndex took 172.848ms
[debug]   Load.apply: mkStreams took 3.1342ms
[info] loading global plugins from C:\Users\Mi Book\.sbt\1.0\plugins
[debug] Running task... Cancel: Signal, check cycles: false, forcegc: true
[debug] Load.defaultLoad until apply took 3349.3459ms
[debug]           Load.loadUnit: plugins took 33.1304ms
[debug]           Load.loadUnit: defsScala took 0.0034ms
[debug] [Loading] Scanning directory C:\Work\BackEnd+Scala\Week-5\AkkaCalculator\project
[debug]             Load.loadUnit: mkEval took 11.2232ms
[debug] [Loading] Found non-root projects 
[debug] [Loading] Done in C:\Work\BackEnd+Scala\Week-5\AkkaCalculator\project, returning: ()
[debug] deducing auto plugins based on known facts Set(Atom(sbt.plugins.CorePlugin)) and clauses Clauses(List(Clause(Atom(sbt.plugins.JvmPlugin),Set(Atom(sbt.plugins.IvyPlugin))), Clause(Atom(sbt.ScriptedPlugin),Set(Atom(sbt.plugins.JvmPlugin))), Clause(Atom(sbt.plugins.SbtPlugin),Set(Atom(sbt.ScriptedPlugin))), Clause(Atom(sbt.plugins.SemanticdbPlugin),Set(Atom(sbt.plugins.JvmPlugin))), Clause(Atom(sbt.plugins.JUnitXmlReportPlugin),Set(Atom(sbt.plugins.JvmPlugin))), Clause(Atom(sbt.plugins.MiniDependencyTreePlugin),Set(Atom(sbt.plugins.JvmPlugin))), Clause(Atom(sbt.plugins.CorePlugin),Set(Atom(sbt.plugins.IvyPlugin))), Clause(Atom(sbt.plugins.IvyPlugin),Set(Atom(sbt.plugins.JvmPlugin))), Clause(Atom(sbt.plugins.JvmPlugin),Set(Atom(sbt.plugins.SemanticdbPlugin))), Clause(Atom(sbt.plugins.JvmPlugin),Set(Atom(sbt.plugins.JUnitXmlReportPlugin))), Clause(Atom(sbt.plugins.CorePlugin),Set(Atom(sbt.plugins.Giter8TemplatePlugin))), Clause(Atom(sbt.plugins.JvmPlugin),Set(Atom(sbt.plugins.MiniDependencyTreePlugin)))))
[debug]   :: deduced result: Matched(sbt.plugins.CorePlugin,sbt.plugins.Giter8TemplatePlugin,sbt.plugins.IvyPlugin,sbt.plugins.JvmPlugin,sbt.plugins.MiniDependencyTreePlugin,sbt.plugins.JUnitXmlReportPlugin,sbt.plugins.SemanticdbPlugin)
[debug] Plugins.deducer#function took 2.8143 ms
[info] loading settings for project akkacalculator-build from idea10.sbt ...
[debug]               Load.resolveProject(akkacalculator-build) took 5.3322ms
[debug]             Load.loadTransitive: finalizeProject(Project(id akkacalculator-build, base: C:\Work\BackEnd+Scala\Week-5\AkkaCalculator\project, plugins: List(<none>))) took 9.1023ms
[debug] [Loading] Done in C:\Work\BackEnd+Scala\Week-5\AkkaCalculator\project, returning: (akkacalculator-build)
[debug]           Load.loadUnit: loadedProjectsRaw took 173.49ms
[debug]           Load.loadUnit: cleanEvalClasses took 5.967ms
[debug]         Load.loadUnit(file:/C:/Work/BackEnd+Scala/Week-5/AkkaCalculator/project/, ...) took 213.7405ms
[debug]       Load.apply: load took 215.4315ms
[debug]       Load.apply: resolveProjects took 0.1375ms
[debug]       Load.apply: finalTransforms took 11.2081ms
[debug]       Load.apply: config.delegates took 0.4209ms
[debug]       Load.apply: Def.make(settings)... took 83.3038ms
[debug]       Load.apply: structureIndex took 34.4482ms
[debug]       Load.apply: mkStreams took 0.002ms
[info] loading project definition from C:\Work\BackEnd+Scala\Week-5\AkkaCalculator\project
[debug] Running task... Cancel: Signal, check cycles: false, forcegc: true
[debug]     Load.loadUnit: plugins took 629.6204ms
[debug]     Load.loadUnit: defsScala took 0.0069ms
[debug] [Loading] Scanning directory C:\Work\BackEnd+Scala\Week-5\AkkaCalculator
[debug]       Load.loadUnit: mkEval took 0.2714ms
[debug] [Loading] Found non-root projects 
[debug] [Loading] Done in C:\Work\BackEnd+Scala\Week-5\AkkaCalculator, returning: ()
[debug] deducing auto plugins based on known facts Set(Atom(sbt.plugins.CorePlugin)) and clauses Clauses(List(Clause(Atom(sbt.plugins.JvmPlugin),Set(Atom(sbt.plugins.IvyPlugin))), Clause(Atom(sbt.ScriptedPlugin),Set(Atom(sbt.plugins.JvmPlugin))), Clause(Atom(sbt.plugins.SbtPlugin),Set(Atom(sbt.ScriptedPlugin))), Clause(Atom(sbt.plugins.SemanticdbPlugin),Set(Atom(sbt.plugins.JvmPlugin))), Clause(Atom(sbt.plugins.JUnitXmlReportPlugin),Set(Atom(sbt.plugins.JvmPlugin))), Clause(Atom(sbt.plugins.MiniDependencyTreePlugin),Set(Atom(sbt.plugins.JvmPlugin))), Clause(Atom(org.jetbrains.sbt.StructurePlugin),Set(Atom(sbt.plugins.JvmPlugin))), Clause(Atom(org.jetbrains.sbt.IdeaShellPlugin),Set(Atom(sbt.plugins.JvmPlugin))), Clause(Atom(org.jetbrains.sbt.indices.SbtIntellijIndicesPlugin),Set(Atom(sbt.plugins.JvmPlugin))), Clause(Atom(sbt.plugins.CorePlugin),Set(Atom(sbt.plugins.IvyPlugin))), Clause(Atom(sbt.plugins.IvyPlugin),Set(Atom(sbt.plugins.JvmPlugin))), Clause(Atom(sbt.plugins.JvmPlugin),Set(Atom(sbt.plugins.SemanticdbPlugin))), Clause(Atom(sbt.plugins.JvmPlugin),Set(Atom(sbt.plugins.JUnitXmlReportPlugin))), Clause(Atom(sbt.plugins.CorePlugin),Set(Atom(sbt.plugins.Giter8TemplatePlugin))), Clause(Atom(sbt.plugins.JvmPlugin),Set(Atom(sbt.plugins.MiniDependencyTreePlugin))), Clause(Atom(sbt.plugins.JvmPlugin),Set(Atom(org.jetbrains.sbt.StructurePlugin))), Clause(Atom(sbt.plugins.JvmPlugin),Set(Atom(org.jetbrains.sbt.IdeaShellPlugin))), Clause(And(Set(Atom(sbt.plugins.CorePlugin), Atom(sbt.plugins.JvmPlugin))),Set(Atom(org.jetbrains.sbt.indices.SbtIntellijIndicesPlugin)))))
[debug]   :: deduced result: Matched(sbt.plugins.CorePlugin,sbt.plugins.Giter8TemplatePlugin,sbt.plugins.IvyPlugin,sbt.plugins.JvmPlugin,sbt.plugins.SemanticdbPlugin,org.jetbrains.sbt.indices.SbtIntellijIndicesPlugin,sbt.plugins.JUnitXmlReportPlugin,org.jetbrains.sbt.IdeaShellPlugin,org.jetbrains.sbt.StructurePlugin,sbt.plugins.MiniDependencyTreePlugin)
[debug] Plugins.deducer#function took 3.0412 ms
[info] loading settings for project akkacalculator from build.sbt ...
[debug]         Load.resolveProject(akkacalculator) took 28.4356ms
[debug]       Load.loadTransitive: finalizeProject(Project(id akkacalculator, base: C:\Work\BackEnd+Scala\Week-5\AkkaCalculator, plugins: List(<none>))) took 32.8857ms
[debug] [Loading] Done in C:\Work\BackEnd+Scala\Week-5\AkkaCalculator, returning: (akkacalculator)
[debug]     Load.loadUnit: loadedProjectsRaw took 113.1045ms
[debug]     Load.loadUnit: cleanEvalClasses took 4.2831ms
[debug]   Load.loadUnit(file:/C:/Work/BackEnd+Scala/Week-5/AkkaCalculator/, ...) took 747.6123ms
[debug] Load.apply: load took 749.1003ms
[debug] Load.apply: resolveProjects took 0.1408ms
[debug] Load.apply: finalTransforms took 26.5697ms
[debug] Load.apply: config.delegates took 0.344ms
[debug] Load.apply: Def.make(settings)... took 89.3233ms
[debug] Load.apply: structureIndex took 31.8023ms
[debug] Load.apply: mkStreams took 0.0023ms
[info] set current project to AkkaCalculator (in build file:/C:/Work/BackEnd+Scala/Week-5/AkkaCalculator/)
[debug] > Exec(sbtPopOnFailure, None, None)
[debug] > Exec(resumeFromFailure, None, None)
[debug] > Exec(notifyUsersAboutShell, None, None)
[debug] > Exec(iflast shell, None, None)
[debug] > Exec(; set ideaPort in Global := 56874 ; idea-shell, None, None)
[debug] > Exec(set ideaPort in Global := 56874, None, None)
[info] Defining Global / ideaPort
[info] The new value will be used by Compile / compile, Test / compile
[debug] Defining 
[debug] 	Global / ideaPort
[debug] 
[debug] The new value will be used by 
[debug] 	Compile / compile
[debug] 	Test / compile
[info] Reapplying settings...
[info] set current project to AkkaCalculator (in build file:/C:/Work/BackEnd+Scala/Week-5/AkkaCalculator/)
[debug] > Exec(idea-shell, None, None)
