[debug] > Exec(early(addDefaultCommands), None, None)
[debug] > Exec(addDefaultCommands, None, None)
[debug] > Exec(early(initialize), None, None)
[debug] > Exec(initialize, None, None)
[debug] > Exec(early(addPluginSbtFile="""C:\Users\MIBOOK~1\AppData\Local\Temp\idea173.sbt"""), None, None)
[debug] > Exec(addPluginSbtFile="""C:\Users\MIBOOK~1\AppData\Local\Temp\idea173.sbt""", None, None)
[debug] > Exec(boot, None, None)
[debug] > Exec(writeSbtVersion, None, None)
[debug] > Exec(reload, None, None)
[debug] > Exec(sbtStashOnFailure, None, None)
[debug] > Exec(onFailure loadFailed, None, None)
[debug] > Exec(loadp, None, None)
[info] welcome to sbt 1.4.7 (Oracle Corporation Java 1.8.0_221)
[debug]       Load.loadUnit: plugins took 157.1588ms
[debug]       Load.loadUnit: defsScala took 0.515ms
[debug] [Loading] Scanning directory C:\Users\Mi Book\.sbt\1.0\plugins
[debug] [Loading] Found non-root projects 
[debug] [Loading] Done in C:\Users\Mi Book\.sbt\1.0\plugins, returning: ()
[debug] deducing auto plugins based on known facts Set(Atom(sbt.plugins.CorePlugin)) and clauses Clauses(List(Clause(Atom(sbt.plugins.JvmPlugin),Set(Atom(sbt.plugins.IvyPlugin))), Clause(Atom(sbt.ScriptedPlugin),Set(Atom(sbt.plugins.JvmPlugin))), Clause(Atom(sbt.plugins.SbtPlugin),Set(Atom(sbt.ScriptedPlugin))), Clause(Atom(sbt.plugins.SemanticdbPlugin),Set(Atom(sbt.plugins.JvmPlugin))), Clause(Atom(sbt.plugins.JUnitXmlReportPlugin),Set(Atom(sbt.plugins.JvmPlugin))), Clause(Atom(sbt.plugins.MiniDependencyTreePlugin),Set(Atom(sbt.plugins.JvmPlugin))), Clause(Atom(sbt.plugins.CorePlugin),Set(Atom(sbt.plugins.IvyPlugin))), Clause(Atom(sbt.plugins.IvyPlugin),Set(Atom(sbt.plugins.JvmPlugin))), Clause(Atom(sbt.plugins.JvmPlugin),Set(Atom(sbt.plugins.SemanticdbPlugin))), Clause(Atom(sbt.plugins.JvmPlugin),Set(Atom(sbt.plugins.JUnitXmlReportPlugin))), Clause(Atom(sbt.plugins.CorePlugin),Set(Atom(sbt.plugins.Giter8TemplatePlugin))), Clause(Atom(sbt.plugins.JvmPlugin),Set(Atom(sbt.plugins.MiniDependencyTreePlugin)))))
[debug]   :: deduced result: Matched(sbt.plugins.CorePlugin,sbt.plugins.Giter8TemplatePlugin,sbt.plugins.IvyPlugin,sbt.plugins.JvmPlugin,sbt.plugins.MiniDependencyTreePlugin,sbt.plugins.JUnitXmlReportPlugin,sbt.plugins.SemanticdbPlugin)
[debug] Plugins.deducer#function took 32.9974 ms
[debug]           Load.resolveProject(global-plugins) took 68.9046ms
[debug]         Load.loadTransitive: finalizeProject(Project(id global-plugins, base: C:\Users\Mi Book\.sbt\1.0\plugins, plugins: List(<none>))) took 135.3076ms
[debug] [Loading] Done in C:\Users\Mi Book\.sbt\1.0\plugins, returning: (global-plugins)
[debug]       Load.loadUnit: loadedProjectsRaw took 169.9738ms
[debug]       Load.loadUnit: cleanEvalClasses took 0.3216ms
[debug]     Load.loadUnit(file:/C:/Users/Mi%20Book/.sbt/1.0/plugins/, ...) took 339.1764ms
[debug]   Load.apply: load took 585.168ms
[debug]   Load.apply: resolveProjects took 8.3815ms
[debug]   Load.apply: finalTransforms took 116.5508ms
[debug]   Load.apply: config.delegates took 15.3703ms
[debug]   Load.apply: Def.make(settings)... took 766.3737ms
[debug]   Load.apply: structureIndex took 138.3623ms
[debug]   Load.apply: mkStreams took 2.4311ms
[info] loading global plugins from C:\Users\Mi Book\.sbt\1.0\plugins
[debug] Running task... Cancel: Signal, check cycles: false, forcegc: true
[debug] Load.defaultLoad until apply took 3884.676ms
[debug]           Load.loadUnit: plugins took 34.6748ms
[debug]           Load.loadUnit: defsScala took 0.0055ms
[debug] [Loading] Scanning directory C:\Work\BackEnd+Scala\Week-5\AkkaCalculator\project
[debug]             Load.loadUnit: mkEval took 9.1713ms
[debug] [Loading] Found non-root projects 
[debug] [Loading] Done in C:\Work\BackEnd+Scala\Week-5\AkkaCalculator\project, returning: ()
[debug] deducing auto plugins based on known facts Set(Atom(sbt.plugins.CorePlugin)) and clauses Clauses(List(Clause(Atom(sbt.plugins.JvmPlugin),Set(Atom(sbt.plugins.IvyPlugin))), Clause(Atom(sbt.ScriptedPlugin),Set(Atom(sbt.plugins.JvmPlugin))), Clause(Atom(sbt.plugins.SbtPlugin),Set(Atom(sbt.ScriptedPlugin))), Clause(Atom(sbt.plugins.SemanticdbPlugin),Set(Atom(sbt.plugins.JvmPlugin))), Clause(Atom(sbt.plugins.JUnitXmlReportPlugin),Set(Atom(sbt.plugins.JvmPlugin))), Clause(Atom(sbt.plugins.MiniDependencyTreePlugin),Set(Atom(sbt.plugins.JvmPlugin))), Clause(Atom(sbt.plugins.CorePlugin),Set(Atom(sbt.plugins.IvyPlugin))), Clause(Atom(sbt.plugins.IvyPlugin),Set(Atom(sbt.plugins.JvmPlugin))), Clause(Atom(sbt.plugins.JvmPlugin),Set(Atom(sbt.plugins.SemanticdbPlugin))), Clause(Atom(sbt.plugins.JvmPlugin),Set(Atom(sbt.plugins.JUnitXmlReportPlugin))), Clause(Atom(sbt.plugins.CorePlugin),Set(Atom(sbt.plugins.Giter8TemplatePlugin))), Clause(Atom(sbt.plugins.JvmPlugin),Set(Atom(sbt.plugins.MiniDependencyTreePlugin)))))
[debug]   :: deduced result: Matched(sbt.plugins.CorePlugin,sbt.plugins.Giter8TemplatePlugin,sbt.plugins.IvyPlugin,sbt.plugins.JvmPlugin,sbt.plugins.MiniDependencyTreePlugin,sbt.plugins.JUnitXmlReportPlugin,sbt.plugins.SemanticdbPlugin)
[debug] Plugins.deducer#function took 2.2446 ms
[info] loading settings for project akkacalculator-build from idea173.sbt ...
[debug]               Load.resolveProject(akkacalculator-build) took 2.937ms
[debug]             Load.loadTransitive: finalizeProject(Project(id akkacalculator-build, base: C:\Work\BackEnd+Scala\Week-5\AkkaCalculator\project, plugins: List(<none>))) took 5.6991ms
[debug] [Loading] Done in C:\Work\BackEnd+Scala\Week-5\AkkaCalculator\project, returning: (akkacalculator-build)
[debug]           Load.loadUnit: loadedProjectsRaw took 155.7946ms
[debug]           Load.loadUnit: cleanEvalClasses took 4.4386ms
[debug]         Load.loadUnit(file:/C:/Work/BackEnd+Scala/Week-5/AkkaCalculator/project/, ...) took 196.1321ms
[debug]       Load.apply: load took 197.5029ms
[debug]       Load.apply: resolveProjects took 0.1022ms
[debug]       Load.apply: finalTransforms took 9.395ms
[debug]       Load.apply: config.delegates took 0.336ms
[debug]       Load.apply: Def.make(settings)... took 84.6848ms
[debug]       Load.apply: structureIndex took 37.3008ms
[debug]       Load.apply: mkStreams took 0.0022ms
[info] loading project definition from C:\Work\BackEnd+Scala\Week-5\AkkaCalculator\project
[debug] Running task... Cancel: Signal, check cycles: false, forcegc: true
[debug]     Load.loadUnit: plugins took 654.2761ms
[debug]     Load.loadUnit: defsScala took 0.0066ms
[debug] [Loading] Scanning directory C:\Work\BackEnd+Scala\Week-5\AkkaCalculator
[debug]       Load.loadUnit: mkEval took 0.247ms
[debug] [Loading] Found non-root projects 
[debug] [Loading] Done in C:\Work\BackEnd+Scala\Week-5\AkkaCalculator, returning: ()
[debug] deducing auto plugins based on known facts Set(Atom(sbt.plugins.CorePlugin)) and clauses Clauses(List(Clause(Atom(sbt.plugins.JvmPlugin),Set(Atom(sbt.plugins.IvyPlugin))), Clause(Atom(sbt.ScriptedPlugin),Set(Atom(sbt.plugins.JvmPlugin))), Clause(Atom(sbt.plugins.SbtPlugin),Set(Atom(sbt.ScriptedPlugin))), Clause(Atom(sbt.plugins.SemanticdbPlugin),Set(Atom(sbt.plugins.JvmPlugin))), Clause(Atom(sbt.plugins.JUnitXmlReportPlugin),Set(Atom(sbt.plugins.JvmPlugin))), Clause(Atom(sbt.plugins.MiniDependencyTreePlugin),Set(Atom(sbt.plugins.JvmPlugin))), Clause(Atom(org.jetbrains.sbt.StructurePlugin),Set(Atom(sbt.plugins.JvmPlugin))), Clause(Atom(org.jetbrains.sbt.IdeaShellPlugin),Set(Atom(sbt.plugins.JvmPlugin))), Clause(Atom(org.jetbrains.sbt.indices.SbtIntellijIndicesPlugin),Set(Atom(sbt.plugins.JvmPlugin))), Clause(Atom(sbt.plugins.CorePlugin),Set(Atom(sbt.plugins.IvyPlugin))), Clause(Atom(sbt.plugins.IvyPlugin),Set(Atom(sbt.plugins.JvmPlugin))), Clause(Atom(sbt.plugins.JvmPlugin),Set(Atom(sbt.plugins.SemanticdbPlugin))), Clause(Atom(sbt.plugins.JvmPlugin),Set(Atom(sbt.plugins.JUnitXmlReportPlugin))), Clause(Atom(sbt.plugins.CorePlugin),Set(Atom(sbt.plugins.Giter8TemplatePlugin))), Clause(Atom(sbt.plugins.JvmPlugin),Set(Atom(sbt.plugins.MiniDependencyTreePlugin))), Clause(Atom(sbt.plugins.JvmPlugin),Set(Atom(org.jetbrains.sbt.StructurePlugin))), Clause(Atom(sbt.plugins.JvmPlugin),Set(Atom(org.jetbrains.sbt.IdeaShellPlugin))), Clause(And(Set(Atom(sbt.plugins.CorePlugin), Atom(sbt.plugins.JvmPlugin))),Set(Atom(org.jetbrains.sbt.indices.SbtIntellijIndicesPlugin)))))
[debug]   :: deduced result: Matched(sbt.plugins.CorePlugin,sbt.plugins.Giter8TemplatePlugin,sbt.plugins.IvyPlugin,sbt.plugins.JvmPlugin,sbt.plugins.SemanticdbPlugin,org.jetbrains.sbt.indices.SbtIntellijIndicesPlugin,sbt.plugins.JUnitXmlReportPlugin,org.jetbrains.sbt.IdeaShellPlugin,org.jetbrains.sbt.StructurePlugin,sbt.plugins.MiniDependencyTreePlugin)
[debug] Plugins.deducer#function took 4.3765 ms
[info] loading settings for project akkacalculator from build.sbt ...
[debug]         Load.resolveProject(akkacalculator) took 39.3811ms
[debug]       Load.loadTransitive: finalizeProject(Project(id akkacalculator, base: C:\Work\BackEnd+Scala\Week-5\AkkaCalculator, plugins: List(<none>))) took 45.3523ms
[debug] [Loading] Done in C:\Work\BackEnd+Scala\Week-5\AkkaCalculator, returning: (akkacalculator)
[debug]     Load.loadUnit: loadedProjectsRaw took 138.9998ms
[debug]     Load.loadUnit: cleanEvalClasses took 5.249ms
[debug]   Load.loadUnit(file:/C:/Work/BackEnd+Scala/Week-5/AkkaCalculator/, ...) took 799.335ms
[debug] Load.apply: load took 801.5543ms
[debug] Load.apply: resolveProjects took 0.1941ms
[debug] Load.apply: finalTransforms took 31.9057ms
[debug] Load.apply: config.delegates took 0.4673ms
[debug] Load.apply: Def.make(settings)... took 96.5124ms
[debug] Load.apply: structureIndex took 31.8175ms
[debug] Load.apply: mkStreams took 0.0031ms
[info] set current project to AkkaCalculator (in build file:/C:/Work/BackEnd+Scala/Week-5/AkkaCalculator/)
[debug] > Exec(sbtPopOnFailure, None, None)
[debug] > Exec(resumeFromFailure, None, None)
[debug] > Exec(notifyUsersAboutShell, None, None)
[debug] > Exec(iflast shell, None, None)
[debug] > Exec(; set ideaPort in Global := 56874 ; idea-shell, None, None)
[debug] > Exec(set ideaPort in Global := 56874, None, None)
[info] Defining Global / ideaPort
[info] The new value will be used by Compile / compile, Test / compile
[debug] Defining 
[debug] 	Global / ideaPort
[debug] 
[debug] The new value will be used by 
[debug] 	Compile / compile
[debug] 	Test / compile
[info] Reapplying settings...
[info] set current project to AkkaCalculator (in build file:/C:/Work/BackEnd+Scala/Week-5/AkkaCalculator/)
[debug] > Exec(idea-shell, None, None)
