[debug] > Exec(early(addDefaultCommands), None, None)
[debug] > Exec(addDefaultCommands, None, None)
[debug] > Exec(early(initialize), None, None)
[debug] > Exec(initialize, None, None)
[debug] > Exec(early(addPluginSbtFile="""C:\Users\MIBOOK~1\AppData\Local\Temp\idea2.sbt"""), None, None)
[debug] > Exec(addPluginSbtFile="""C:\Users\MIBOOK~1\AppData\Local\Temp\idea2.sbt""", None, None)
[debug] > Exec(boot, None, None)
[debug] > Exec(writeSbtVersion, None, None)
[debug] > Exec(reload, None, None)
[debug] > Exec(sbtStashOnFailure, None, None)
[debug] > Exec(onFailure loadFailed, None, None)
[debug] > Exec(loadp, None, None)
[info] welcome to sbt 1.4.7 (Oracle Corporation Java 15.0.2)
[debug]       Load.loadUnit: plugins took 89.8669ms
[debug]       Load.loadUnit: defsScala took 0.311ms
[debug] [Loading] Scanning directory C:\Users\Mi Book\.sbt\1.0\plugins
[debug] [Loading] Found non-root projects 
[debug] [Loading] Done in C:\Users\Mi Book\.sbt\1.0\plugins, returning: ()
[debug] deducing auto plugins based on known facts Set(Atom(sbt.plugins.CorePlugin)) and clauses Clauses(List(Clause(Atom(sbt.plugins.JvmPlugin),Set(Atom(sbt.plugins.IvyPlugin))), Clause(Atom(sbt.ScriptedPlugin),Set(Atom(sbt.plugins.JvmPlugin))), Clause(Atom(sbt.plugins.SbtPlugin),Set(Atom(sbt.ScriptedPlugin))), Clause(Atom(sbt.plugins.SemanticdbPlugin),Set(Atom(sbt.plugins.JvmPlugin))), Clause(Atom(sbt.plugins.JUnitXmlReportPlugin),Set(Atom(sbt.plugins.JvmPlugin))), Clause(Atom(sbt.plugins.MiniDependencyTreePlugin),Set(Atom(sbt.plugins.JvmPlugin))), Clause(Atom(sbt.plugins.CorePlugin),Set(Atom(sbt.plugins.IvyPlugin))), Clause(Atom(sbt.plugins.IvyPlugin),Set(Atom(sbt.plugins.JvmPlugin))), Clause(Atom(sbt.plugins.JvmPlugin),Set(Atom(sbt.plugins.SemanticdbPlugin))), Clause(Atom(sbt.plugins.JvmPlugin),Set(Atom(sbt.plugins.JUnitXmlReportPlugin))), Clause(Atom(sbt.plugins.CorePlugin),Set(Atom(sbt.plugins.Giter8TemplatePlugin))), Clause(Atom(sbt.plugins.JvmPlugin),Set(Atom(sbt.plugins.MiniDependencyTreePlugin)))))
[debug]   :: deduced result: Matched(sbt.plugins.CorePlugin,sbt.plugins.Giter8TemplatePlugin,sbt.plugins.IvyPlugin,sbt.plugins.JvmPlugin,sbt.plugins.MiniDependencyTreePlugin,sbt.plugins.JUnitXmlReportPlugin,sbt.plugins.SemanticdbPlugin)
[debug] Plugins.deducer#function took 22.7591 ms
[debug]           Load.resolveProject(global-plugins) took 49.8465ms
[debug]         Load.loadTransitive: finalizeProject(Project(id global-plugins, base: C:\Users\Mi Book\.sbt\1.0\plugins, plugins: List(<none>))) took 95.9537ms
[debug] [Loading] Done in C:\Users\Mi Book\.sbt\1.0\plugins, returning: (global-plugins)
[debug]       Load.loadUnit: loadedProjectsRaw took 117.3858ms
[debug]       Load.loadUnit: cleanEvalClasses took 0.2333ms
[debug]     Load.loadUnit(file:/C:/Users/Mi%20Book/.sbt/1.0/plugins/, ...) took 217.1662ms
[debug]   Load.apply: load took 409.0391ms
[debug]   Load.apply: resolveProjects took 6.3038ms
[debug]   Load.apply: finalTransforms took 61.0991ms
[debug]   Load.apply: config.delegates took 8.1583ms
[debug]   Load.apply: Def.make(settings)... took 478.0606ms
[debug]   Load.apply: structureIndex took 107.0613ms
[debug]   Load.apply: mkStreams took 1.9974ms
[info] loading global plugins from C:\Users\Mi Book\.sbt\1.0\plugins
[debug] Running task... Cancel: Signal, check cycles: false, forcegc: true
[debug] Load.defaultLoad until apply took 2614.7971ms
[debug]           Load.loadUnit: plugins took 35.4782ms
[debug]           Load.loadUnit: defsScala took 0.0061ms
[debug] [Loading] Scanning directory C:\Work\BackEnd+Scala\akkahttp-quickstart\project
[debug]             Load.loadUnit: mkEval took 8.8672ms
[debug] [Loading] Found non-root projects 
[debug] [Loading] Done in C:\Work\BackEnd+Scala\akkahttp-quickstart\project, returning: ()
[debug] deducing auto plugins based on known facts Set(Atom(sbt.plugins.CorePlugin)) and clauses Clauses(List(Clause(Atom(sbt.plugins.JvmPlugin),Set(Atom(sbt.plugins.IvyPlugin))), Clause(Atom(sbt.ScriptedPlugin),Set(Atom(sbt.plugins.JvmPlugin))), Clause(Atom(sbt.plugins.SbtPlugin),Set(Atom(sbt.ScriptedPlugin))), Clause(Atom(sbt.plugins.SemanticdbPlugin),Set(Atom(sbt.plugins.JvmPlugin))), Clause(Atom(sbt.plugins.JUnitXmlReportPlugin),Set(Atom(sbt.plugins.JvmPlugin))), Clause(Atom(sbt.plugins.MiniDependencyTreePlugin),Set(Atom(sbt.plugins.JvmPlugin))), Clause(Atom(sbt.plugins.CorePlugin),Set(Atom(sbt.plugins.IvyPlugin))), Clause(Atom(sbt.plugins.IvyPlugin),Set(Atom(sbt.plugins.JvmPlugin))), Clause(Atom(sbt.plugins.JvmPlugin),Set(Atom(sbt.plugins.SemanticdbPlugin))), Clause(Atom(sbt.plugins.JvmPlugin),Set(Atom(sbt.plugins.JUnitXmlReportPlugin))), Clause(Atom(sbt.plugins.CorePlugin),Set(Atom(sbt.plugins.Giter8TemplatePlugin))), Clause(Atom(sbt.plugins.JvmPlugin),Set(Atom(sbt.plugins.MiniDependencyTreePlugin)))))
[debug]   :: deduced result: Matched(sbt.plugins.CorePlugin,sbt.plugins.Giter8TemplatePlugin,sbt.plugins.IvyPlugin,sbt.plugins.JvmPlugin,sbt.plugins.MiniDependencyTreePlugin,sbt.plugins.JUnitXmlReportPlugin,sbt.plugins.SemanticdbPlugin)
[debug] Plugins.deducer#function took 2.6276 ms
[info] loading settings for project akkahttp-quickstart-build from idea2.sbt ...
[debug]               Load.resolveProject(akkahttp-quickstart-build) took 16.451ms
[debug]             Load.loadTransitive: finalizeProject(Project(id akkahttp-quickstart-build, base: C:\Work\BackEnd+Scala\akkahttp-quickstart\project, plugins: List(<none>))) took 19.7382ms
[debug] [Loading] Done in C:\Work\BackEnd+Scala\akkahttp-quickstart\project, returning: (akkahttp-quickstart-build)
[debug]           Load.loadUnit: loadedProjectsRaw took 146.6803ms
[debug]           Load.loadUnit: cleanEvalClasses took 5.1719ms
[debug]         Load.loadUnit(file:/C:/Work/BackEnd+Scala/akkahttp-quickstart/project/, ...) took 188.3682ms
[debug]       Load.apply: load took 190.1772ms
[debug]       Load.apply: resolveProjects took 0.0856ms
[debug]       Load.apply: finalTransforms took 8.6575ms
[debug]       Load.apply: config.delegates took 0.3466ms
[debug]       Load.apply: Def.make(settings)... took 81.7244ms
[debug]       Load.apply: structureIndex took 25.2279ms
[debug]       Load.apply: mkStreams took 0.0025ms
[info] loading project definition from C:\Work\BackEnd+Scala\akkahttp-quickstart\project
[debug] Running task... Cancel: Signal, check cycles: false, forcegc: true
[debug]     Load.loadUnit: plugins took 1481.2315ms
[debug]     Load.loadUnit: defsScala took 0.004ms
[debug] [Loading] Scanning directory C:\Work\BackEnd+Scala\akkahttp-quickstart
[debug]       Load.loadUnit: mkEval took 0.3028ms
[debug] [Loading] Found non-root projects 
[debug] [Loading] Done in C:\Work\BackEnd+Scala\akkahttp-quickstart, returning: ()
[debug] deducing auto plugins based on known facts Set(Atom(sbt.plugins.CorePlugin)) and clauses Clauses(List(Clause(Atom(sbt.plugins.JvmPlugin),Set(Atom(sbt.plugins.IvyPlugin))), Clause(Atom(sbt.ScriptedPlugin),Set(Atom(sbt.plugins.JvmPlugin))), Clause(Atom(sbt.plugins.SbtPlugin),Set(Atom(sbt.ScriptedPlugin))), Clause(Atom(sbt.plugins.SemanticdbPlugin),Set(Atom(sbt.plugins.JvmPlugin))), Clause(Atom(sbt.plugins.JUnitXmlReportPlugin),Set(Atom(sbt.plugins.JvmPlugin))), Clause(Atom(sbt.plugins.MiniDependencyTreePlugin),Set(Atom(sbt.plugins.JvmPlugin))), Clause(Atom(org.jetbrains.sbt.StructurePlugin),Set(Atom(sbt.plugins.JvmPlugin))), Clause(Atom(org.jetbrains.sbt.IdeaShellPlugin),Set(Atom(sbt.plugins.JvmPlugin))), Clause(Atom(org.jetbrains.sbt.indices.SbtIntellijIndicesPlugin),Set(Atom(sbt.plugins.JvmPlugin))), Clause(Atom(sbt.plugins.CorePlugin),Set(Atom(sbt.plugins.IvyPlugin))), Clause(Atom(sbt.plugins.IvyPlugin),Set(Atom(sbt.plugins.JvmPlugin))), Clause(Atom(sbt.plugins.JvmPlugin),Set(Atom(sbt.plugins.SemanticdbPlugin))), Clause(Atom(sbt.plugins.JvmPlugin),Set(Atom(sbt.plugins.JUnitXmlReportPlugin))), Clause(Atom(sbt.plugins.CorePlugin),Set(Atom(sbt.plugins.Giter8TemplatePlugin))), Clause(Atom(sbt.plugins.JvmPlugin),Set(Atom(sbt.plugins.MiniDependencyTreePlugin))), Clause(Atom(sbt.plugins.JvmPlugin),Set(Atom(org.jetbrains.sbt.StructurePlugin))), Clause(Atom(sbt.plugins.JvmPlugin),Set(Atom(org.jetbrains.sbt.IdeaShellPlugin))), Clause(And(Set(Atom(sbt.plugins.CorePlugin), Atom(sbt.plugins.JvmPlugin))),Set(Atom(org.jetbrains.sbt.indices.SbtIntellijIndicesPlugin)))))
[debug]   :: deduced result: Matched(sbt.plugins.CorePlugin,sbt.plugins.Giter8TemplatePlugin,sbt.plugins.IvyPlugin,sbt.plugins.JvmPlugin,sbt.plugins.SemanticdbPlugin,org.jetbrains.sbt.indices.SbtIntellijIndicesPlugin,sbt.plugins.JUnitXmlReportPlugin,org.jetbrains.sbt.IdeaShellPlugin,org.jetbrains.sbt.StructurePlugin,sbt.plugins.MiniDependencyTreePlugin)
[debug] Plugins.deducer#function took 3.1857 ms
[info] loading settings for project akkahttp-quickstart from build.sbt ...
[debug]         Load.resolveProject(akkahttp-quickstart) took 30.3039ms
[debug]       Load.loadTransitive: finalizeProject(Project(id akkahttp-quickstart, base: C:\Work\BackEnd+Scala\akkahttp-quickstart, plugins: List(<none>))) took 35.0672ms
[debug] [Loading] Done in C:\Work\BackEnd+Scala\akkahttp-quickstart, returning: (akkahttp-quickstart)
[debug]     Load.loadUnit: loadedProjectsRaw took 3111.1907ms
[debug]     Load.loadUnit: cleanEvalClasses took 33.336ms
[debug]   Load.loadUnit(file:/C:/Work/BackEnd+Scala/akkahttp-quickstart/, ...) took 4626.7195ms
[debug] Load.apply: load took 4628.9585ms
[debug] Load.apply: resolveProjects took 0.188ms
[debug] Load.apply: finalTransforms took 26.8137ms
[debug] Load.apply: config.delegates took 0.2864ms
[debug] Load.apply: Def.make(settings)... took 90.3997ms
[debug] Load.apply: structureIndex took 48.3158ms
[debug] Load.apply: mkStreams took 0.0025ms
[info] set current project to akkahttp-quickstart (in build file:/C:/Work/BackEnd+Scala/akkahttp-quickstart/)
[debug] > Exec(sbtPopOnFailure, None, None)
[debug] > Exec(resumeFromFailure, None, None)
[debug] > Exec(notifyUsersAboutShell, None, None)
[debug] > Exec(iflast shell, None, None)
[debug] > Exec(; set ideaPort in Global := 52647 ; idea-shell, None, None)
[debug] > Exec(set ideaPort in Global := 52647, None, None)
[info] Defining Global / ideaPort
[info] The new value will be used by Compile / compile, Test / compile
[debug] Defining 
[debug] 	Global / ideaPort
[debug] 
[debug] The new value will be used by 
[debug] 	Compile / compile
[debug] 	Test / compile
[info] Reapplying settings...
[info] set current project to akkahttp-quickstart (in build file:/C:/Work/BackEnd+Scala/akkahttp-quickstart/)
[debug] > Exec(idea-shell, None, None)
