[debug] > Exec(early(addDefaultCommands), None, None)
[debug] > Exec(addDefaultCommands, None, None)
[debug] > Exec(early(initialize), None, None)
[debug] > Exec(initialize, None, None)
[debug] > Exec(early(addPluginSbtFile="""C:\Users\MIBOOK~1\AppData\Local\Temp\idea.sbt"""), None, None)
[debug] > Exec(addPluginSbtFile="""C:\Users\MIBOOK~1\AppData\Local\Temp\idea.sbt""", None, None)
[debug] > Exec(boot, None, None)
[debug] > Exec(writeSbtVersion, None, None)
[debug] > Exec(reload, None, None)
[debug] > Exec(sbtStashOnFailure, None, None)
[debug] > Exec(onFailure loadFailed, None, None)
[debug] > Exec(loadp, None, None)
[info] welcome to sbt 1.4.7 (Oracle Corporation Java 1.8.0_221)
[debug]       Load.loadUnit: plugins took 135.1911ms
[debug]       Load.loadUnit: defsScala took 0.3718ms
[debug] [Loading] Scanning directory C:\Users\Mi Book\.sbt\1.0\plugins
[debug] [Loading] Found non-root projects 
[debug] [Loading] Done in C:\Users\Mi Book\.sbt\1.0\plugins, returning: ()
[debug] deducing auto plugins based on known facts Set(Atom(sbt.plugins.CorePlugin)) and clauses Clauses(List(Clause(Atom(sbt.plugins.JvmPlugin),Set(Atom(sbt.plugins.IvyPlugin))), Clause(Atom(sbt.ScriptedPlugin),Set(Atom(sbt.plugins.JvmPlugin))), Clause(Atom(sbt.plugins.SbtPlugin),Set(Atom(sbt.ScriptedPlugin))), Clause(Atom(sbt.plugins.SemanticdbPlugin),Set(Atom(sbt.plugins.JvmPlugin))), Clause(Atom(sbt.plugins.JUnitXmlReportPlugin),Set(Atom(sbt.plugins.JvmPlugin))), Clause(Atom(sbt.plugins.MiniDependencyTreePlugin),Set(Atom(sbt.plugins.JvmPlugin))), Clause(Atom(sbt.plugins.CorePlugin),Set(Atom(sbt.plugins.IvyPlugin))), Clause(Atom(sbt.plugins.IvyPlugin),Set(Atom(sbt.plugins.JvmPlugin))), Clause(Atom(sbt.plugins.JvmPlugin),Set(Atom(sbt.plugins.SemanticdbPlugin))), Clause(Atom(sbt.plugins.JvmPlugin),Set(Atom(sbt.plugins.JUnitXmlReportPlugin))), Clause(Atom(sbt.plugins.CorePlugin),Set(Atom(sbt.plugins.Giter8TemplatePlugin))), Clause(Atom(sbt.plugins.JvmPlugin),Set(Atom(sbt.plugins.MiniDependencyTreePlugin)))))
[debug]   :: deduced result: Matched(sbt.plugins.CorePlugin,sbt.plugins.Giter8TemplatePlugin,sbt.plugins.IvyPlugin,sbt.plugins.JvmPlugin,sbt.plugins.MiniDependencyTreePlugin,sbt.plugins.JUnitXmlReportPlugin,sbt.plugins.SemanticdbPlugin)
[debug] Plugins.deducer#function took 28.4142 ms
[debug]           Load.resolveProject(global-plugins) took 57.6512ms
[debug]         Load.loadTransitive: finalizeProject(Project(id global-plugins, base: C:\Users\Mi Book\.sbt\1.0\plugins, plugins: List(<none>))) took 116.9884ms
[debug] [Loading] Done in C:\Users\Mi Book\.sbt\1.0\plugins, returning: (global-plugins)
[debug]       Load.loadUnit: loadedProjectsRaw took 141.5521ms
[debug]       Load.loadUnit: cleanEvalClasses took 0.4178ms
[debug]     Load.loadUnit(file:/C:/Users/Mi%20Book/.sbt/1.0/plugins/, ...) took 288.0967ms
[debug]   Load.apply: load took 529.1144ms
[debug]   Load.apply: resolveProjects took 9.0126ms
[debug]   Load.apply: finalTransforms took 87.6712ms
[debug]   Load.apply: config.delegates took 10.8302ms
[debug]   Load.apply: Def.make(settings)... took 606.9535ms
[debug]   Load.apply: structureIndex took 155.3311ms
[debug]   Load.apply: mkStreams took 2.801ms
[info] loading global plugins from C:\Users\Mi Book\.sbt\1.0\plugins
[debug] Running task... Cancel: Signal, check cycles: false, forcegc: true
[debug] Load.defaultLoad until apply took 3837.7015ms
[debug]           Load.loadUnit: plugins took 34.1273ms
[debug]           Load.loadUnit: defsScala took 0.0045ms
[debug] [Loading] Scanning directory C:\Work\BackEnd+Scala\Week-5\WorkWithActors\project
[debug]             Load.loadUnit: mkEval took 9.8329ms
[debug] [Loading] Found non-root projects 
[debug] [Loading] Done in C:\Work\BackEnd+Scala\Week-5\WorkWithActors\project, returning: ()
[debug] deducing auto plugins based on known facts Set(Atom(sbt.plugins.CorePlugin)) and clauses Clauses(List(Clause(Atom(sbt.plugins.JvmPlugin),Set(Atom(sbt.plugins.IvyPlugin))), Clause(Atom(sbt.ScriptedPlugin),Set(Atom(sbt.plugins.JvmPlugin))), Clause(Atom(sbt.plugins.SbtPlugin),Set(Atom(sbt.ScriptedPlugin))), Clause(Atom(sbt.plugins.SemanticdbPlugin),Set(Atom(sbt.plugins.JvmPlugin))), Clause(Atom(sbt.plugins.JUnitXmlReportPlugin),Set(Atom(sbt.plugins.JvmPlugin))), Clause(Atom(sbt.plugins.MiniDependencyTreePlugin),Set(Atom(sbt.plugins.JvmPlugin))), Clause(Atom(sbt.plugins.CorePlugin),Set(Atom(sbt.plugins.IvyPlugin))), Clause(Atom(sbt.plugins.IvyPlugin),Set(Atom(sbt.plugins.JvmPlugin))), Clause(Atom(sbt.plugins.JvmPlugin),Set(Atom(sbt.plugins.SemanticdbPlugin))), Clause(Atom(sbt.plugins.JvmPlugin),Set(Atom(sbt.plugins.JUnitXmlReportPlugin))), Clause(Atom(sbt.plugins.CorePlugin),Set(Atom(sbt.plugins.Giter8TemplatePlugin))), Clause(Atom(sbt.plugins.JvmPlugin),Set(Atom(sbt.plugins.MiniDependencyTreePlugin)))))
[debug]   :: deduced result: Matched(sbt.plugins.CorePlugin,sbt.plugins.Giter8TemplatePlugin,sbt.plugins.IvyPlugin,sbt.plugins.JvmPlugin,sbt.plugins.MiniDependencyTreePlugin,sbt.plugins.JUnitXmlReportPlugin,sbt.plugins.SemanticdbPlugin)
[debug] Plugins.deducer#function took 2.6084 ms
[info] loading settings for project workwithactors-build from idea.sbt ...
[debug]               Load.resolveProject(workwithactors-build) took 7.1155ms
[debug]             Load.loadTransitive: finalizeProject(Project(id workwithactors-build, base: C:\Work\BackEnd+Scala\Week-5\WorkWithActors\project, plugins: List(<none>))) took 10.6917ms
[debug] [Loading] Done in C:\Work\BackEnd+Scala\Week-5\WorkWithActors\project, returning: (workwithactors-build)
[debug]           Load.loadUnit: loadedProjectsRaw took 2825.7504ms
[debug]           Load.loadUnit: cleanEvalClasses took 7.3248ms
[debug]         Load.loadUnit(file:/C:/Work/BackEnd+Scala/Week-5/WorkWithActors/project/, ...) took 2868.7291ms
[debug]       Load.apply: load took 2870.9697ms
[debug]       Load.apply: resolveProjects took 0.1648ms
[debug]       Load.apply: finalTransforms took 23.9794ms
[debug]       Load.apply: config.delegates took 0.6008ms
[debug]       Load.apply: Def.make(settings)... took 125.9119ms
[debug]       Load.apply: structureIndex took 33.0683ms
[debug]       Load.apply: mkStreams took 0.0025ms
[info] loading project definition from C:\Work\BackEnd+Scala\Week-5\WorkWithActors\project
[debug] Running task... Cancel: Signal, check cycles: false, forcegc: true
[debug]     Load.loadUnit: plugins took 6858.6984ms
[debug]     Load.loadUnit: defsScala took 0.0042ms
[debug] [Loading] Scanning directory C:\Work\BackEnd+Scala\Week-5\WorkWithActors
[debug]       Load.loadUnit: mkEval took 0.2604ms
[debug] [Loading] Found non-root projects 
[debug] [Loading] Done in C:\Work\BackEnd+Scala\Week-5\WorkWithActors, returning: ()
[debug] deducing auto plugins based on known facts Set(Atom(sbt.plugins.CorePlugin)) and clauses Clauses(List(Clause(Atom(sbt.plugins.JvmPlugin),Set(Atom(sbt.plugins.IvyPlugin))), Clause(Atom(sbt.ScriptedPlugin),Set(Atom(sbt.plugins.JvmPlugin))), Clause(Atom(sbt.plugins.SbtPlugin),Set(Atom(sbt.ScriptedPlugin))), Clause(Atom(sbt.plugins.SemanticdbPlugin),Set(Atom(sbt.plugins.JvmPlugin))), Clause(Atom(sbt.plugins.JUnitXmlReportPlugin),Set(Atom(sbt.plugins.JvmPlugin))), Clause(Atom(sbt.plugins.MiniDependencyTreePlugin),Set(Atom(sbt.plugins.JvmPlugin))), Clause(Atom(org.jetbrains.sbt.StructurePlugin),Set(Atom(sbt.plugins.JvmPlugin))), Clause(Atom(org.jetbrains.sbt.IdeaShellPlugin),Set(Atom(sbt.plugins.JvmPlugin))), Clause(Atom(org.jetbrains.sbt.indices.SbtIntellijIndicesPlugin),Set(Atom(sbt.plugins.JvmPlugin))), Clause(Atom(sbt.plugins.CorePlugin),Set(Atom(sbt.plugins.IvyPlugin))), Clause(Atom(sbt.plugins.IvyPlugin),Set(Atom(sbt.plugins.JvmPlugin))), Clause(Atom(sbt.plugins.JvmPlugin),Set(Atom(sbt.plugins.SemanticdbPlugin))), Clause(Atom(sbt.plugins.JvmPlugin),Set(Atom(sbt.plugins.JUnitXmlReportPlugin))), Clause(Atom(sbt.plugins.CorePlugin),Set(Atom(sbt.plugins.Giter8TemplatePlugin))), Clause(Atom(sbt.plugins.JvmPlugin),Set(Atom(sbt.plugins.MiniDependencyTreePlugin))), Clause(Atom(sbt.plugins.JvmPlugin),Set(Atom(org.jetbrains.sbt.StructurePlugin))), Clause(Atom(sbt.plugins.JvmPlugin),Set(Atom(org.jetbrains.sbt.IdeaShellPlugin))), Clause(And(Set(Atom(sbt.plugins.CorePlugin), Atom(sbt.plugins.JvmPlugin))),Set(Atom(org.jetbrains.sbt.indices.SbtIntellijIndicesPlugin)))))
[debug]   :: deduced result: Matched(sbt.plugins.CorePlugin,sbt.plugins.Giter8TemplatePlugin,sbt.plugins.IvyPlugin,sbt.plugins.JvmPlugin,sbt.plugins.SemanticdbPlugin,org.jetbrains.sbt.indices.SbtIntellijIndicesPlugin,sbt.plugins.JUnitXmlReportPlugin,org.jetbrains.sbt.IdeaShellPlugin,org.jetbrains.sbt.StructurePlugin,sbt.plugins.MiniDependencyTreePlugin)
[debug] Plugins.deducer#function took 1.8465 ms
[info] loading settings for project workwithactors from build.sbt ...
[debug]         Load.resolveProject(workwithactors) took 46.2732ms
[debug]       Load.loadTransitive: finalizeProject(Project(id workwithactors, base: C:\Work\BackEnd+Scala\Week-5\WorkWithActors, plugins: List(<none>))) took 49.6035ms
[debug] [Loading] Done in C:\Work\BackEnd+Scala\Week-5\WorkWithActors, returning: (workwithactors)
[debug]     Load.loadUnit: loadedProjectsRaw took 1785.0684ms
[debug]     Load.loadUnit: cleanEvalClasses took 18.4273ms
[debug]   Load.loadUnit(file:/C:/Work/BackEnd+Scala/Week-5/WorkWithActors/, ...) took 8663.0571ms
[debug] Load.apply: load took 8664.8154ms
[debug] Load.apply: resolveProjects took 0.2291ms
[debug] Load.apply: finalTransforms took 40.6873ms
[debug] Load.apply: config.delegates took 0.4821ms
[debug] Load.apply: Def.make(settings)... took 110.7083ms
[debug] Load.apply: structureIndex took 29.4493ms
[debug] Load.apply: mkStreams took 0.0026ms
[info] set current project to WorkWithActors (in build file:/C:/Work/BackEnd+Scala/Week-5/WorkWithActors/)
[debug] > Exec(sbtPopOnFailure, None, None)
[debug] > Exec(resumeFromFailure, None, None)
[debug] > Exec(notifyUsersAboutShell, None, None)
[debug] > Exec(iflast shell, None, None)
[debug] > Exec(; set ideaPort in Global := 52095 ; idea-shell, None, None)
[debug] > Exec(set ideaPort in Global := 52095, None, None)
[info] Defining Global / ideaPort
[info] The new value will be used by Compile / compile, Test / compile
[debug] Defining 
[debug] 	Global / ideaPort
[debug] 
[debug] The new value will be used by 
[debug] 	Compile / compile
[debug] 	Test / compile
[info] Reapplying settings...
[info] set current project to WorkWithActors (in build file:/C:/Work/BackEnd+Scala/Week-5/WorkWithActors/)
[debug] > Exec(idea-shell, None, None)
